<?xml version="1.0" encoding="UTF-8" ?>
<testsuite tests="51" failures="0" name="cucumberOptions.TestRunner2" time="0.003" errors="0" skipped="0">
  <properties>
[...]
</properties>
  <testcase classname="Scenario: Home page dafault login" name="Given validate the browser" time="0"/>
  <testcase classname="Scenario: Home page dafault login" name="When Browser is triggered" time="0"/>
  <testcase classname="Scenario: Home page dafault login" name="Then check if browser is started" time="0"/>
  <testcase classname="Scenario: Home page dafault login" name="Given User is on NetBanking landing page" time="0"/>
  <testcase classname="Scenario: Home page dafault login" name="When User login into application with &quot;jin&quot; and password &quot;1234&quot;" time="0"/>
  <testcase classname="Scenario: Home page dafault login" name="Then Home page is populated" time="0"/>
  <testcase classname="Scenario: Home page dafault login" name="And Cards displayed are &quot;true&quot;" time="0"/>
  <testcase classname="Scenario: Home page dafault login" name="Scenario: Home page dafault login" time="0"/>
  <testcase classname="Scenario: Home page dafault login" name="Given validate the browser" time="0"/>
  <testcase classname="Scenario: Home page dafault login" name="When Browser is triggered" time="0"/>
  <testcase classname="Scenario: Home page dafault login" name="Then check if browser is started" time="0"/>
  <testcase classname="Scenario: Home page dafault login" name="Given User is on NetBanking landing page" time="0"/>
  <testcase classname="Scenario: Home page dafault login" name="When User login into application with &quot;jin&quot; and password &quot;1234&quot;" time="0"/>
  <testcase classname="Scenario: Home page dafault login" name="Then Home page is populated" time="0"/>
  <testcase classname="Scenario: Home page dafault login" name="And Cards displayed are &quot;true&quot;" time="0"/>
  <testcase classname="Scenario: Home page dafault login" name="Scenario: Home page dafault login" time="0.001"/>
  <testcase classname="Scenario: Home page dafault login" name="Given User is on NetBanking landing page" time="0"/>
  <testcase classname="Scenario: Home page dafault login" name="When User login into application with &quot;jin&quot; and password &quot;1234&quot;" time="0"/>
  <testcase classname="Scenario: Home page dafault login" name="Then Home page is populated" time="0"/>
  <testcase classname="Scenario: Home page dafault login" name="And Cards displayed are &quot;true&quot;" time="0"/>
  <testcase classname="Scenario: Home page dafault login" name="Scenario: Home page dafault login" time="0.001"/>
  <testcase classname="Scenario: Home page dafault login" name="Given User is on NetBanking landing page" time="0"/>
  <testcase classname="Scenario: Home page dafault login" name="When User login into application with &quot;john&quot; and password &quot;4321&quot;" time="0"/>
  <testcase classname="Scenario: Home page dafault login" name="Then Home page is populated" time="0"/>
  <testcase classname="Scenario: Home page dafault login" name="And Cards displayed are &quot;false&quot;" time="0"/>
  <testcase classname="Scenario: Home page dafault login" name="Scenario: Home page dafault login" time="0.001"/>
  <testcase classname="Scenario: Home page dafault login" name="Given User is on NetBanking landing page" time="0"/>
  <testcase classname="Scenario: Home page dafault login" name="When User sign up with following details" time="0"/>
  <testcase classname="Scenario: Home page dafault login" name="Then Home page is populated" time="0"/>
  <testcase classname="Scenario: Home page dafault login" name="And Cards displayed are &quot;false&quot;" time="0"/>
  <testcase classname="Scenario: Home page dafault login" name="Scenario: Home page dafault login" time="0"/>
  <testcase classname="| user1 | pass1 |" name="Given User is on NetBanking landing page" time="0"/>
  <testcase classname="| user1 | pass1 |" name="When User login in to application with user1 and password pass1" time="0"/>
  <testcase classname="| user1 | pass1 |" name="Then Home page is populated" time="0"/>
  <testcase classname="| user1 | pass1 |" name="And Cards displayed are &quot;true&quot;" time="0"/>
  <testcase classname="| user1 | pass1 |" name="| user1 | pass1 |" time="0"/>
  <testcase classname="| user2 | pass2 |" name="Given User is on NetBanking landing page" time="0"/>
  <testcase classname="| user2 | pass2 |" name="When User login in to application with user2 and password pass2" time="0"/>
  <testcase classname="| user2 | pass2 |" name="Then Home page is populated" time="0"/>
  <testcase classname="| user2 | pass2 |" name="And Cards displayed are &quot;true&quot;" time="0"/>
  <testcase classname="| user2 | pass2 |" name="| user2 | pass2 |" time="0"/>
  <testcase classname="| user3 | pass3 |" name="Given User is on NetBanking landing page" time="0"/>
  <testcase classname="| user3 | pass3 |" name="When User login in to application with user3 and password pass3" time="0"/>
  <testcase classname="| user3 | pass3 |" name="Then Home page is populated" time="0"/>
  <testcase classname="| user3 | pass3 |" name="And Cards displayed are &quot;true&quot;" time="0"/>
  <testcase classname="| user3 | pass3 |" name="| user3 | pass3 |" time="0"/>
  <testcase classname="| user4 | pass4 |" name="Given User is on NetBanking landing page" time="0"/>
  <testcase classname="| user4 | pass4 |" name="When User login in to application with user4 and password pass4" time="0"/>
  <testcase classname="| user4 | pass4 |" name="Then Home page is populated" time="0"/>
  <testcase classname="| user4 | pass4 |" name="And Cards displayed are &quot;true&quot;" time="0"/>
  <testcase classname="| user4 | pass4 |" name="| user4 | pass4 |" time="0"/>
</testsuite>